# JRE version: OpenJDK Runtime Environment Temurin-17.0.11+9 (17.0.11+9) (build 17.0.11+9)
# Java VM: OpenJDK 64-Bit Server VM Temurin-17.0.11+9 (17.0.11+9, mixed mode, tiered, compressed oops, compressed class ptrs, parallel gc, windows-amd64)
GC Precious Log:
 CPUs: 8 total, 8 available
 Memory: 8075M
 Large Page Support: Disabled
 NUMA Support: Disabled
 Compressed Oops: Enabled (32-bit)
 Alignments: Space 512K, Generation 512K, Heap 2M
 Heap Min Capacity: 100M
 Heap Initial Capacity: 100M
 Heap Max Capacity: 1G
 Pre-touch: Disabled
 Parallel Workers: 8
Heap:
 PSYoungGen      total 5632K, used 1037K [0x00000000eab00000, 0x00000000eb180000, 0x0000000100000000)
  eden space 4096K, 8% used [0x00000000eab00000,0x00000000eab534a0,0x00000000eaf00000)
  from space 1536K, 45% used [0x00000000eaf00000,0x00000000eafb0000,0x00000000eb080000)
  to   space 1024K, 0% used [0x00000000eb080000,0x00000000eb080000,0x00000000eb180000)
 ParOldGen       total 160256K, used 134743K [0x00000000c0000000, 0x00000000c9c80000, 0x00000000eab00000)
  object space 160256K, 84% used [0x00000000c0000000,0x00000000c8395f80,0x00000000c9c80000)
 Metaspace       used 78153K, committed 79552K, reserved 1179648K
  class space    used 8053K, committed 8640K, reserved 1048576K
GC Heap History (20 events):
Event: 108.390 GC heap before
{Heap before GC invocations=417 (full 15):
 PSYoungGen      total 4608K, used 4602K [0x00000000eab00000, 0x00000000eb400000, 0x0000000100000000)
  eden space 4096K, 100% used [0x00000000eab00000,0x00000000eaf00000,0x00000000eaf00000)
  from space 512K, 98% used [0x00000000eaf80000,0x00000000eaffe900,0x00000000eb000000)
  to   space 2560K, 0% used [0x00000000eb180000,0x00000000eb180000,0x00000000eb400000)
 ParOldGen       total 160256K, used 132413K [0x00000000c0000000, 0x00000000c9c80000, 0x00000000eab00000)
  object space 160256K, 82% used [0x00000000c0000000,0x00000000c814f7f0,0x00000000c9c80000)
 Metaspace       used 78124K, committed 79488K, reserved 1179648K
  class space    used 8053K, committed 8640K, reserved 1048576K
}
Event: 108.393 GC heap after
{Heap after GC invocations=417 (full 15):
 PSYoungGen      total 5120K, used 880K [0x00000000eab00000, 0x00000000eb280000, 0x0000000100000000)
  eden space 4096K, 0% used [0x00000000eab00000,0x00000000eab00000,0x00000000eaf00000)
  from space 1024K, 85% used [0x00000000eb180000,0x00000000eb25c010,0x00000000eb280000)
  to   space 1536K, 0% used [0x00000000eaf80000,0x00000000eaf80000,0x00000000eb100000)
 ParOldGen       total 160256K, used 132946K [0x00000000c0000000, 0x00000000c9c80000, 0x00000000eab00000)
  object space 160256K, 82% used [0x00000000c0000000,0x00000000c81d49f0,0x00000000c9c80000)
 Metaspace       used 78124K, committed 79488K, reserved 1179648K
  class space    used 8053K, committed 8640K, reserved 1048576K
}
Event: 108.435 GC heap before
{Heap before GC invocations=418 (full 15):
 PSYoungGen      total 5120K, used 4976K [0x00000000eab00000, 0x00000000eb280000, 0x0000000100000000)
  eden space 4096K, 100% used [0x00000000eab00000,0x00000000eaf00000,0x00000000eaf00000)
  from space 1024K, 85% used [0x00000000eb180000,0x00000000eb25c010,0x00000000eb280000)
  to   space 1536K, 0% used [0x00000000eaf80000,0x00000000eaf80000,0x00000000eb100000)
 ParOldGen       total 160256K, used 132946K [0x00000000c0000000, 0x00000000c9c80000, 0x00000000eab00000)
  object space 160256K, 82% used [0x00000000c0000000,0x00000000c81d49f0,0x00000000c9c80000)
 Metaspace       used 78124K, committed 79488K, reserved 1179648K
  class space    used 8053K, committed 8640K, reserved 1048576K
}
Event: 108.437 GC heap after
{Heap after GC invocations=418 (full 15):
 PSYoungGen      total 5632K, used 628K [0x00000000eab00000, 0x00000000eb200000, 0x0000000100000000)
  eden space 4096K, 0% used [0x00000000eab00000,0x00000000eab00000,0x00000000eaf00000)
  from space 1536K, 40% used [0x00000000eaf80000,0x00000000eb01d200,0x00000000eb100000)
  to   space 1024K, 0% used [0x00000000eb100000,0x00000000eb100000,0x00000000eb200000)
 ParOldGen       total 160256K, used 133338K [0x00000000c0000000, 0x00000000c9c80000, 0x00000000eab00000)
  object space 160256K, 83% used [0x00000000c0000000,0x00000000c82369f0,0x00000000c9c80000)
 Metaspace       used 78124K, committed 79488K, reserved 1179648K
  class space    used 8053K, committed 8640K, reserved 1048576K
}
Event: 108.461 GC heap before
{Heap before GC invocations=419 (full 15):
 PSYoungGen      total 5632K, used 4724K [0x00000000eab00000, 0x00000000eb200000, 0x0000000100000000)
  eden space 4096K, 100% used [0x00000000eab00000,0x00000000eaf00000,0x00000000eaf00000)
  from space 1536K, 40% used [0x00000000eaf80000,0x00000000eb01d200,0x00000000eb100000)
  to   space 1024K, 0% used [0x00000000eb100000,0x00000000eb100000,0x00000000eb200000)
 ParOldGen       total 160256K, used 133338K [0x00000000c0000000, 0x00000000c9c80000, 0x00000000eab00000)
  object space 160256K, 83% used [0x00000000c0000000,0x00000000c82369f0,0x00000000c9c80000)
 Metaspace       used 78124K, committed 79488K, reserved 1179648K
  class space    used 8053K, committed 8640K, reserved 1048576K
}
Event: 108.463 GC heap after
{Heap after GC invocations=419 (full 15):
 PSYoungGen      total 4608K, used 506K [0x00000000eab00000, 0x00000000eb180000, 0x0000000100000000)
  eden space 4096K, 0% used [0x00000000eab00000,0x00000000eab00000,0x00000000eaf00000)
  from space 512K, 98% used [0x00000000eb100000,0x00000000eb17e900,0x00000000eb180000)
  to   space 1024K, 0% used [0x00000000eaf80000,0x00000000eaf80000,0x00000000eb080000)
 ParOldGen       total 160256K, used 133378K [0x00000000c0000000, 0x00000000c9c80000, 0x00000000eab00000)
  object space 160256K, 83% used [0x00000000c0000000,0x00000000c82409f0,0x00000000c9c80000)
 Metaspace       used 78124K, committed 79488K, reserved 1179648K
  class space    used 8053K, committed 8640K, reserved 1048576K
}
Event: 108.495 GC heap before
{Heap before GC invocations=420 (full 15):
 PSYoungGen      total 4608K, used 4602K [0x00000000eab00000, 0x00000000eb180000, 0x0000000100000000)
  eden space 4096K, 100% used [0x00000000eab00000,0x00000000eaf00000,0x00000000eaf00000)
  from space 512K, 98% used [0x00000000eb100000,0x00000000eb17e900,0x00000000eb180000)
  to   space 1024K, 0% used [0x00000000eaf80000,0x00000000eaf80000,0x00000000eb080000)
 ParOldGen       total 160256K, used 133378K [0x00000000c0000000, 0x00000000c9c80000, 0x00000000eab00000)
  object space 160256K, 83% used [0x00000000c0000000,0x00000000c82409f0,0x00000000c9c80000)
 Metaspace       used 78129K, committed 79488K, reserved 1179648K
  class space    used 8053K, committed 8640K, reserved 1048576K
}
Event: 108.496 GC heap after
{Heap after GC invocations=420 (full 15):
 PSYoungGen      total 5120K, used 394K [0x00000000eab00000, 0x00000000eb180000, 0x0000000100000000)
  eden space 4096K, 0% used [0x00000000eab00000,0x00000000eab00000,0x00000000eaf00000)
  from space 1024K, 38% used [0x00000000eaf80000,0x00000000eafe2910,0x00000000eb080000)
  to   space 512K, 0% used [0x00000000eb100000,0x00000000eb100000,0x00000000eb180000)
 ParOldGen       total 160256K, used 133418K [0x00000000c0000000, 0x00000000c9c80000, 0x00000000eab00000)
  object space 160256K, 83% used [0x00000000c0000000,0x00000000c824a9f0,0x00000000c9c80000)
 Metaspace       used 78129K, committed 79488K, reserved 1179648K
  class space    used 8053K, committed 8640K, reserved 1048576K
}
Event: 108.519 GC heap before
{Heap before GC invocations=421 (full 15):
 PSYoungGen      total 5120K, used 4490K [0x00000000eab00000, 0x00000000eb180000, 0x0000000100000000)
  eden space 4096K, 100% used [0x00000000eab00000,0x00000000eaf00000,0x00000000eaf00000)
  from space 1024K, 38% used [0x00000000eaf80000,0x00000000eafe2910,0x00000000eb080000)
  to   space 512K, 0% used [0x00000000eb100000,0x00000000eb100000,0x00000000eb180000)
 ParOldGen       total 160256K, used 133418K [0x00000000c0000000, 0x00000000c9c80000, 0x00000000eab00000)
  object space 160256K, 83% used [0x00000000c0000000,0x00000000c824a9f0,0x00000000c9c80000)
 Metaspace       used 78129K, committed 79488K, reserved 1179648K
  class space    used 8053K, committed 8640K, reserved 1048576K
}
Event: 108.520 GC heap after
{Heap after GC invocations=421 (full 15):
 PSYoungGen      total 4608K, used 393K [0x00000000eab00000, 0x00000000eb180000, 0x0000000100000000)
  eden space 4096K, 0% used [0x00000000eab00000,0x00000000eab00000,0x00000000eaf00000)
  from space 512K, 76% used [0x00000000eb100000,0x00000000eb162420,0x00000000eb180000)
  to   space 512K, 0% used [0x00000000eb080000,0x00000000eb080000,0x00000000eb100000)
 ParOldGen       total 160256K, used 133426K [0x00000000c0000000, 0x00000000c9c80000, 0x00000000eab00000)
  object space 160256K, 83% used [0x00000000c0000000,0x00000000c824c9f0,0x00000000c9c80000)
 Metaspace       used 78129K, committed 79488K, reserved 1179648K
  class space    used 8053K, committed 8640K, reserved 1048576K
}
Event: 108.590 GC heap before
{Heap before GC invocations=422 (full 15):
 PSYoungGen      total 4608K, used 4489K [0x00000000eab00000, 0x00000000eb180000, 0x0000000100000000)
  eden space 4096K, 100% used [0x00000000eab00000,0x00000000eaf00000,0x00000000eaf00000)
  from space 512K, 76% used [0x00000000eb100000,0x00000000eb162420,0x00000000eb180000)
  to   space 512K, 0% used [0x00000000eb080000,0x00000000eb080000,0x00000000eb100000)
 ParOldGen       total 160256K, used 133426K [0x00000000c0000000, 0x00000000c9c80000, 0x00000000eab00000)
  object space 160256K, 83% used [0x00000000c0000000,0x00000000c824c9f0,0x00000000c9c80000)
 Metaspace       used 78130K, committed 79488K, reserved 1179648K
  class space    used 8053K, committed 8640K, reserved 1048576K
}
Event: 108.591 GC heap after
{Heap after GC invocations=422 (full 15):
 PSYoungGen      total 4608K, used 489K [0x00000000eab00000, 0x00000000eb180000, 0x0000000100000000)
  eden space 4096K, 0% used [0x00000000eab00000,0x00000000eab00000,0x00000000eaf00000)
  from space 512K, 95% used [0x00000000eb080000,0x00000000eb0fa420,0x00000000eb100000)
  to   space 512K, 0% used [0x00000000eb100000,0x00000000eb100000,0x00000000eb180000)
 ParOldGen       total 160256K, used 133426K [0x00000000c0000000, 0x00000000c9c80000, 0x00000000eab00000)
  object space 160256K, 83% used [0x00000000c0000000,0x00000000c824c9f0,0x00000000c9c80000)
 Metaspace       used 78130K, committed 79488K, reserved 1179648K
  class space    used 8053K, committed 8640K, reserved 1048576K
}
Event: 108.621 GC heap before
{Heap before GC invocations=423 (full 15):
 PSYoungGen      total 4608K, used 4585K [0x00000000eab00000, 0x00000000eb180000, 0x0000000100000000)
  eden space 4096K, 100% used [0x00000000eab00000,0x00000000eaf00000,0x00000000eaf00000)
  from space 512K, 95% used [0x00000000eb080000,0x00000000eb0fa420,0x00000000eb100000)
  to   space 512K, 0% used [0x00000000eb100000,0x00000000eb100000,0x00000000eb180000)
 ParOldGen       total 160256K, used 133426K [0x00000000c0000000, 0x00000000c9c80000, 0x00000000eab00000)
  object space 160256K, 83% used [0x00000000c0000000,0x00000000c824c9f0,0x00000000c9c80000)
 Metaspace       used 78131K, committed 79488K, reserved 1179648K
  class space    used 8053K, committed 8640K, reserved 1048576K
}
Event: 108.622 GC heap after
{Heap after GC invocations=423 (full 15):
 PSYoungGen      total 4608K, used 224K [0x00000000eab00000, 0x00000000eb180000, 0x0000000100000000)
  eden space 4096K, 0% used [0x00000000eab00000,0x00000000eab00000,0x00000000eaf00000)
  from space 512K, 43% used [0x00000000eb100000,0x00000000eb138020,0x00000000eb180000)
  to   space 512K, 0% used [0x00000000eb080000,0x00000000eb080000,0x00000000eb100000)
 ParOldGen       total 160256K, used 133426K [0x00000000c0000000, 0x00000000c9c80000, 0x00000000eab00000)
  object space 160256K, 83% used [0x00000000c0000000,0x00000000c824c9f0,0x00000000c9c80000)
 Metaspace       used 78131K, committed 79488K, reserved 1179648K
  class space    used 8053K, committed 8640K, reserved 1048576K
}
Event: 108.695 GC heap before
{Heap before GC invocations=424 (full 15):
 PSYoungGen      total 4608K, used 4320K [0x00000000eab00000, 0x00000000eb180000, 0x0000000100000000)
  eden space 4096K, 100% used [0x00000000eab00000,0x00000000eaf00000,0x00000000eaf00000)
  from space 512K, 43% used [0x00000000eb100000,0x00000000eb138020,0x00000000eb180000)
  to   space 512K, 0% used [0x00000000eb080000,0x00000000eb080000,0x00000000eb100000)
 ParOldGen       total 160256K, used 133426K [0x00000000c0000000, 0x00000000c9c80000, 0x00000000eab00000)
  object space 160256K, 83% used [0x00000000c0000000,0x00000000c824c9f0,0x00000000c9c80000)
 Metaspace       used 78132K, committed 79488K, reserved 1179648K
  class space    used 8053K, committed 8640K, reserved 1048576K
}
Event: 108.696 GC heap after
{Heap after GC invocations=424 (full 15):
 PSYoungGen      total 4608K, used 505K [0x00000000eab00000, 0x00000000eb180000, 0x0000000100000000)
  eden space 4096K, 0% used [0x00000000eab00000,0x00000000eab00000,0x00000000eaf00000)
  from space 512K, 98% used [0x00000000eb080000,0x00000000eb0fe430,0x00000000eb100000)
  to   space 512K, 0% used [0x00000000eb100000,0x00000000eb100000,0x00000000eb180000)
 ParOldGen       total 160256K, used 133570K [0x00000000c0000000, 0x00000000c9c80000, 0x00000000eab00000)
  object space 160256K, 83% used [0x00000000c0000000,0x00000000c82709f0,0x00000000c9c80000)
 Metaspace       used 78132K, committed 79488K, reserved 1179648K
  class space    used 8053K, committed 8640K, reserved 1048576K
}
Event: 108.821 GC heap before
{Heap before GC invocations=425 (full 15):
 PSYoungGen      total 4608K, used 4601K [0x00000000eab00000, 0x00000000eb180000, 0x0000000100000000)
  eden space 4096K, 100% used [0x00000000eab00000,0x00000000eaf00000,0x00000000eaf00000)
  from space 512K, 98% used [0x00000000eb080000,0x00000000eb0fe430,0x00000000eb100000)
  to   space 512K, 0% used [0x00000000eb100000,0x00000000eb100000,0x00000000eb180000)
 ParOldGen       total 160256K, used 133570K [0x00000000c0000000, 0x00000000c9c80000, 0x00000000eab00000)
  object space 160256K, 83% used [0x00000000c0000000,0x00000000c82709f0,0x00000000c9c80000)
 Metaspace       used 78148K, committed 79552K, reserved 1179648K
  class space    used 8053K, committed 8640K, reserved 1048576K
}
Event: 108.822 GC heap after
{Heap after GC invocations=425 (full 15):
 PSYoungGen      total 4608K, used 489K [0x00000000eab00000, 0x00000000eb200000, 0x0000000100000000)
  eden space 4096K, 0% used [0x00000000eab00000,0x00000000eab00000,0x00000000eaf00000)
  from space 512K, 95% used [0x00000000eb100000,0x00000000eb17a420,0x00000000eb180000)
  to   space 1536K, 0% used [0x00000000eaf00000,0x00000000eaf00000,0x00000000eb080000)
 ParOldGen       total 160256K, used 134398K [0x00000000c0000000, 0x00000000c9c80000, 0x00000000eab00000)
  object space 160256K, 83% used [0x00000000c0000000,0x00000000c833fb60,0x00000000c9c80000)
 Metaspace       used 78148K, committed 79552K, reserved 1179648K
  class space    used 8053K, committed 8640K, reserved 1048576K
}
Event: 108.994 GC heap before
{Heap before GC invocations=426 (full 15):
 PSYoungGen      total 4608K, used 4585K [0x00000000eab00000, 0x00000000eb200000, 0x0000000100000000)
  eden space 4096K, 99% used [0x00000000eab00000,0x00000000eaeffff8,0x00000000eaf00000)
  from space 512K, 95% used [0x00000000eb100000,0x00000000eb17a420,0x00000000eb180000)
  to   space 1536K, 0% used [0x00000000eaf00000,0x00000000eaf00000,0x00000000eb080000)
 ParOldGen       total 160256K, used 134398K [0x00000000c0000000, 0x00000000c9c80000, 0x00000000eab00000)
  object space 160256K, 83% used [0x00000000c0000000,0x00000000c833fb60,0x00000000c9c80000)
 Metaspace       used 78152K, committed 79552K, reserved 1179648K
  class space    used 8053K, committed 8640K, reserved 1048576K
}
Event: 108.995 GC heap after
{Heap after GC invocations=426 (full 15):
 PSYoungGen      total 5632K, used 704K [0x00000000eab00000, 0x00000000eb180000, 0x0000000100000000)
  eden space 4096K, 0% used [0x00000000eab00000,0x00000000eab00000,0x00000000eaf00000)
  from space 1536K, 45% used [0x00000000eaf00000,0x00000000eafb0000,0x00000000eb080000)
  to   space 1024K, 0% used [0x00000000eb080000,0x00000000eb080000,0x00000000eb180000)
 ParOldGen       total 160256K, used 134743K [0x00000000c0000000, 0x00000000c9c80000, 0x00000000eab00000)
  object space 160256K, 84% used [0x00000000c0000000,0x00000000c8395f80,0x00000000c9c80000)
 Metaspace       used 78152K, committed 79552K, reserved 1179648K
  class space    used 8053K, committed 8640K, reserved 1048576K
}

