# JRE version: Java(TM) SE Runtime Environment (17.0.11+7) (build 17.0.11+7-LTS-207)
# Java VM: Java HotSpot(TM) 64-Bit Server VM (17.0.11+7-LTS-207, mixed mode, emulated-client, sharing, tiered, compressed oops, compressed class ptrs, g1 gc, windows-amd64)
GC Precious Log:
 CPUs: 8 total, 8 available
 Memory: 8075M
 Large Page Support: Disabled
 NUMA Support: Disabled
 Compressed Oops: Enabled (32-bit)
 Heap Region Size: 1M
 Heap Min Capacity: 8M
 Heap Initial Capacity: 128M
 Heap Max Capacity: 2020M
 Pre-touch: Disabled
 Parallel Workers: 8
 Concurrent Workers: 2
 Concurrent Refinement Workers: 8
 Periodic GC: Disabled
Heap:
 garbage-first heap   total 83968K, used 37210K [0x0000000081c00000, 0x0000000100000000)
  region size 1024K, 6 young (6144K), 3 survivors (3072K)
 Metaspace       used 70543K, committed 71168K, reserved 1114112K
  class space    used 10210K, committed 10496K, reserved 1048576K
GC Heap History (20 events):
Event: 137.684 GC heap before
{Heap before GC invocations=25 (full 1):
 garbage-first heap   total 83968K, used 64031K [0x0000000081c00000, 0x0000000100000000)
  region size 1024K, 34 young (34816K), 0 survivors (0K)
 Metaspace       used 69457K, committed 70208K, reserved 1114112K
  class space    used 10132K, committed 10496K, reserved 1048576K
}
Event: 137.688 GC heap after
{Heap after GC invocations=26 (full 1):
 garbage-first heap   total 83968K, used 32199K [0x0000000081c00000, 0x0000000100000000)
  region size 1024K, 3 young (3072K), 3 survivors (3072K)
 Metaspace       used 69457K, committed 70208K, reserved 1114112K
  class space    used 10132K, committed 10496K, reserved 1048576K
}
Event: 138.187 GC heap before
{Heap before GC invocations=26 (full 1):
 garbage-first heap   total 83968K, used 64967K [0x0000000081c00000, 0x0000000100000000)
  region size 1024K, 35 young (35840K), 3 survivors (3072K)
 Metaspace       used 69618K, committed 70336K, reserved 1114112K
  class space    used 10156K, committed 10496K, reserved 1048576K
}
Event: 138.197 GC heap after
{Heap after GC invocations=27 (full 1):
 garbage-first heap   total 83968K, used 34796K [0x0000000081c00000, 0x0000000100000000)
  region size 1024K, 3 young (3072K), 3 survivors (3072K)
 Metaspace       used 69618K, committed 70336K, reserved 1114112K
  class space    used 10156K, committed 10496K, reserved 1048576K
}
Event: 138.527 GC heap before
{Heap before GC invocations=27 (full 1):
 garbage-first heap   total 83968K, used 64492K [0x0000000081c00000, 0x0000000100000000)
  region size 1024K, 32 young (32768K), 3 survivors (3072K)
 Metaspace       used 69842K, committed 70592K, reserved 1114112K
  class space    used 10171K, committed 10496K, reserved 1048576K
}
Event: 138.534 GC heap after
{Heap after GC invocations=28 (full 1):
 garbage-first heap   total 83968K, used 37127K [0x0000000081c00000, 0x0000000100000000)
  region size 1024K, 3 young (3072K), 3 survivors (3072K)
 Metaspace       used 69842K, committed 70592K, reserved 1114112K
  class space    used 10171K, committed 10496K, reserved 1048576K
}
Event: 143.250 GC heap before
{Heap before GC invocations=28 (full 1):
 garbage-first heap   total 83968K, used 39175K [0x0000000081c00000, 0x0000000100000000)
  region size 1024K, 6 young (6144K), 3 survivors (3072K)
 Metaspace       used 69846K, committed 70592K, reserved 1114112K
  class space    used 10173K, committed 10496K, reserved 1048576K
}
Event: 143.303 GC heap after
{Heap after GC invocations=29 (full 2):
 garbage-first heap   total 83968K, used 26892K [0x0000000081c00000, 0x0000000100000000)
  region size 1024K, 0 young (0K), 0 survivors (0K)
 Metaspace       used 69574K, committed 70592K, reserved 1114112K
  class space    used 10108K, committed 10496K, reserved 1048576K
}
Event: 143.746 GC heap before
{Heap before GC invocations=29 (full 2):
 garbage-first heap   total 83968K, used 61708K [0x0000000081c00000, 0x0000000100000000)
  region size 1024K, 35 young (35840K), 0 survivors (0K)
 Metaspace       used 69687K, committed 70592K, reserved 1114112K
  class space    used 10122K, committed 10496K, reserved 1048576K
}
Event: 143.749 GC heap after
{Heap after GC invocations=30 (full 2):
 garbage-first heap   total 83968K, used 30222K [0x0000000081c00000, 0x0000000100000000)
  region size 1024K, 4 young (4096K), 4 survivors (4096K)
 Metaspace       used 69687K, committed 70592K, reserved 1114112K
  class space    used 10122K, committed 10496K, reserved 1048576K
}
Event: 144.110 GC heap before
{Heap before GC invocations=30 (full 2):
 garbage-first heap   total 83968K, used 64014K [0x0000000081c00000, 0x0000000100000000)
  region size 1024K, 37 young (37888K), 4 survivors (4096K)
 Metaspace       used 69879K, committed 70592K, reserved 1114112K
  class space    used 10142K, committed 10496K, reserved 1048576K
}
Event: 144.114 GC heap after
{Heap after GC invocations=31 (full 2):
 garbage-first heap   total 83968K, used 32367K [0x0000000081c00000, 0x0000000100000000)
  region size 1024K, 3 young (3072K), 3 survivors (3072K)
 Metaspace       used 69879K, committed 70592K, reserved 1114112K
  class space    used 10142K, committed 10496K, reserved 1048576K
}
Event: 147.078 GC heap before
{Heap before GC invocations=31 (full 2):
 garbage-first heap   total 83968K, used 61039K [0x0000000081c00000, 0x0000000100000000)
  region size 1024K, 33 young (33792K), 3 survivors (3072K)
 Metaspace       used 70013K, committed 70720K, reserved 1114112K
  class space    used 10153K, committed 10496K, reserved 1048576K
}
Event: 147.126 GC heap after
{Heap after GC invocations=32 (full 3):
 garbage-first heap   total 83968K, used 27498K [0x0000000081c00000, 0x0000000100000000)
  region size 1024K, 0 young (0K), 0 survivors (0K)
 Metaspace       used 70010K, committed 70720K, reserved 1114112K
  class space    used 10152K, committed 10496K, reserved 1048576K
}
Event: 147.693 GC heap before
{Heap before GC invocations=32 (full 3):
 garbage-first heap   total 83968K, used 62314K [0x0000000081c00000, 0x0000000100000000)
  region size 1024K, 34 young (34816K), 0 survivors (0K)
 Metaspace       used 70157K, committed 70848K, reserved 1114112K
  class space    used 10171K, committed 10496K, reserved 1048576K
}
Event: 147.696 GC heap after
{Heap after GC invocations=33 (full 3):
 garbage-first heap   total 83968K, used 30532K [0x0000000081c00000, 0x0000000100000000)
  region size 1024K, 3 young (3072K), 3 survivors (3072K)
 Metaspace       used 70157K, committed 70848K, reserved 1114112K
  class space    used 10171K, committed 10496K, reserved 1048576K
}
Event: 148.458 GC heap before
{Heap before GC invocations=33 (full 3):
 garbage-first heap   total 83968K, used 63300K [0x0000000081c00000, 0x0000000100000000)
  region size 1024K, 35 young (35840K), 3 survivors (3072K)
 Metaspace       used 70267K, committed 70912K, reserved 1114112K
  class space    used 10185K, committed 10496K, reserved 1048576K
}
Event: 148.462 GC heap after
{Heap after GC invocations=34 (full 3):
 garbage-first heap   total 83968K, used 33178K [0x0000000081c00000, 0x0000000100000000)
  region size 1024K, 3 young (3072K), 3 survivors (3072K)
 Metaspace       used 70267K, committed 70912K, reserved 1114112K
  class space    used 10185K, committed 10496K, reserved 1048576K
}
Event: 149.170 GC heap before
{Heap before GC invocations=34 (full 3):
 garbage-first heap   total 83968K, used 63898K [0x0000000081c00000, 0x0000000100000000)
  region size 1024K, 33 young (33792K), 3 survivors (3072K)
 Metaspace       used 70539K, committed 71168K, reserved 1114112K
  class space    used 10209K, committed 10496K, reserved 1048576K
}
Event: 149.174 GC heap after
{Heap after GC invocations=35 (full 3):
 garbage-first heap   total 83968K, used 35162K [0x0000000081c00000, 0x0000000100000000)
  region size 1024K, 3 young (3072K), 3 survivors (3072K)
 Metaspace       used 70539K, committed 71168K, reserved 1114112K
  class space    used 10209K, committed 10496K, reserved 1048576K
}

