# JRE version: OpenJDK Runtime Environment Temurin-17.0.12+7 (17.0.12+7) (build 17.0.12+7)
# Java VM: OpenJDK 64-Bit Server VM Temurin-17.0.12+7 (17.0.12+7, mixed mode, emulated-client, tiered, compressed oops, compressed class ptrs, g1 gc, windows-amd64)
GC Precious Log:
 CPUs: 8 total, 8 available
 Memory: 8075M
 Large Page Support: Disabled
 NUMA Support: Disabled
 Compressed Oops: Enabled (32-bit)
 Heap Region Size: 1M
 Heap Min Capacity: 8M
 Heap Initial Capacity: 128M
 Heap Max Capacity: 1G
 Pre-touch: Disabled
 Parallel Workers: 8
 Concurrent Workers: 2
 Concurrent Refinement Workers: 8
 Periodic GC: Disabled
Heap:
 garbage-first heap   total 75776K, used 25576K [0x00000000c0000000, 0x0000000100000000)
  region size 1024K, 1 young (1024K), 0 survivors (0K)
 Metaspace       used 41671K, committed 42240K, reserved 1114112K
  class space    used 5345K, committed 5568K, reserved 1048576K
GC Heap History (20 events):
Event: 97696.730 GC heap after
{Heap after GC invocations=9549 (full 9538):
 garbage-first heap   total 75776K, used 25576K [0x00000000c0000000, 0x0000000100000000)
  region size 1024K, 0 young (0K), 0 survivors (0K)
 Metaspace       used 41671K, committed 42240K, reserved 1114112K
  class space    used 5345K, committed 5568K, reserved 1048576K
}
Event: 97706.963 GC heap before
{Heap before GC invocations=9549 (full 9538):
 garbage-first heap   total 75776K, used 25576K [0x00000000c0000000, 0x0000000100000000)
  region size 1024K, 1 young (1024K), 0 survivors (0K)
 Metaspace       used 41671K, committed 42240K, reserved 1114112K
  class space    used 5345K, committed 5568K, reserved 1048576K
}
Event: 97706.994 GC heap after
{Heap after GC invocations=9550 (full 9539):
 garbage-first heap   total 75776K, used 25576K [0x00000000c0000000, 0x0000000100000000)
  region size 1024K, 0 young (0K), 0 survivors (0K)
 Metaspace       used 41671K, committed 42240K, reserved 1114112K
  class space    used 5345K, committed 5568K, reserved 1048576K
}
Event: 97717.308 GC heap before
{Heap before GC invocations=9550 (full 9539):
 garbage-first heap   total 75776K, used 25576K [0x00000000c0000000, 0x0000000100000000)
  region size 1024K, 1 young (1024K), 0 survivors (0K)
 Metaspace       used 41671K, committed 42240K, reserved 1114112K
  class space    used 5345K, committed 5568K, reserved 1048576K
}
Event: 97717.338 GC heap after
{Heap after GC invocations=9551 (full 9540):
 garbage-first heap   total 75776K, used 25576K [0x00000000c0000000, 0x0000000100000000)
  region size 1024K, 0 young (0K), 0 survivors (0K)
 Metaspace       used 41671K, committed 42240K, reserved 1114112K
  class space    used 5345K, committed 5568K, reserved 1048576K
}
Event: 97728.043 GC heap before
{Heap before GC invocations=9551 (full 9540):
 garbage-first heap   total 75776K, used 25576K [0x00000000c0000000, 0x0000000100000000)
  region size 1024K, 1 young (1024K), 0 survivors (0K)
 Metaspace       used 41671K, committed 42240K, reserved 1114112K
  class space    used 5345K, committed 5568K, reserved 1048576K
}
Event: 97728.073 GC heap after
{Heap after GC invocations=9552 (full 9541):
 garbage-first heap   total 75776K, used 25576K [0x00000000c0000000, 0x0000000100000000)
  region size 1024K, 0 young (0K), 0 survivors (0K)
 Metaspace       used 41671K, committed 42240K, reserved 1114112K
  class space    used 5345K, committed 5568K, reserved 1048576K
}
Event: 97738.377 GC heap before
{Heap before GC invocations=9552 (full 9541):
 garbage-first heap   total 75776K, used 25576K [0x00000000c0000000, 0x0000000100000000)
  region size 1024K, 1 young (1024K), 0 survivors (0K)
 Metaspace       used 41671K, committed 42240K, reserved 1114112K
  class space    used 5345K, committed 5568K, reserved 1048576K
}
Event: 97738.407 GC heap after
{Heap after GC invocations=9553 (full 9542):
 garbage-first heap   total 75776K, used 25576K [0x00000000c0000000, 0x0000000100000000)
  region size 1024K, 0 young (0K), 0 survivors (0K)
 Metaspace       used 41671K, committed 42240K, reserved 1114112K
  class space    used 5345K, committed 5568K, reserved 1048576K
}
Event: 97748.653 GC heap before
{Heap before GC invocations=9553 (full 9542):
 garbage-first heap   total 75776K, used 25576K [0x00000000c0000000, 0x0000000100000000)
  region size 1024K, 1 young (1024K), 0 survivors (0K)
 Metaspace       used 41671K, committed 42240K, reserved 1114112K
  class space    used 5345K, committed 5568K, reserved 1048576K
}
Event: 97748.684 GC heap after
{Heap after GC invocations=9554 (full 9543):
 garbage-first heap   total 75776K, used 25576K [0x00000000c0000000, 0x0000000100000000)
  region size 1024K, 0 young (0K), 0 survivors (0K)
 Metaspace       used 41671K, committed 42240K, reserved 1114112K
  class space    used 5345K, committed 5568K, reserved 1048576K
}
Event: 97758.830 GC heap before
{Heap before GC invocations=9554 (full 9543):
 garbage-first heap   total 75776K, used 25576K [0x00000000c0000000, 0x0000000100000000)
  region size 1024K, 1 young (1024K), 0 survivors (0K)
 Metaspace       used 41671K, committed 42240K, reserved 1114112K
  class space    used 5345K, committed 5568K, reserved 1048576K
}
Event: 97758.863 GC heap after
{Heap after GC invocations=9555 (full 9544):
 garbage-first heap   total 75776K, used 25576K [0x00000000c0000000, 0x0000000100000000)
  region size 1024K, 0 young (0K), 0 survivors (0K)
 Metaspace       used 41671K, committed 42240K, reserved 1114112K
  class space    used 5345K, committed 5568K, reserved 1048576K
}
Event: 97769.117 GC heap before
{Heap before GC invocations=9555 (full 9544):
 garbage-first heap   total 75776K, used 25576K [0x00000000c0000000, 0x0000000100000000)
  region size 1024K, 1 young (1024K), 0 survivors (0K)
 Metaspace       used 41671K, committed 42240K, reserved 1114112K
  class space    used 5345K, committed 5568K, reserved 1048576K
}
Event: 97769.148 GC heap after
{Heap after GC invocations=9556 (full 9545):
 garbage-first heap   total 75776K, used 25576K [0x00000000c0000000, 0x0000000100000000)
  region size 1024K, 0 young (0K), 0 survivors (0K)
 Metaspace       used 41671K, committed 42240K, reserved 1114112K
  class space    used 5345K, committed 5568K, reserved 1048576K
}
Event: 97779.449 GC heap before
{Heap before GC invocations=9556 (full 9545):
 garbage-first heap   total 75776K, used 25576K [0x00000000c0000000, 0x0000000100000000)
  region size 1024K, 1 young (1024K), 0 survivors (0K)
 Metaspace       used 41671K, committed 42240K, reserved 1114112K
  class space    used 5345K, committed 5568K, reserved 1048576K
}
Event: 97779.483 GC heap after
{Heap after GC invocations=9557 (full 9546):
 garbage-first heap   total 75776K, used 25576K [0x00000000c0000000, 0x0000000100000000)
  region size 1024K, 0 young (0K), 0 survivors (0K)
 Metaspace       used 41671K, committed 42240K, reserved 1114112K
  class space    used 5345K, committed 5568K, reserved 1048576K
}
Event: 97791.033 GC heap before
{Heap before GC invocations=9557 (full 9546):
 garbage-first heap   total 75776K, used 25576K [0x00000000c0000000, 0x0000000100000000)
  region size 1024K, 1 young (1024K), 0 survivors (0K)
 Metaspace       used 41671K, committed 42240K, reserved 1114112K
  class space    used 5345K, committed 5568K, reserved 1048576K
}
Event: 97791.064 GC heap after
{Heap after GC invocations=9558 (full 9547):
 garbage-first heap   total 75776K, used 25576K [0x00000000c0000000, 0x0000000100000000)
  region size 1024K, 0 young (0K), 0 survivors (0K)
 Metaspace       used 41671K, committed 42240K, reserved 1114112K
  class space    used 5345K, committed 5568K, reserved 1048576K
}
Event: 97801.434 GC heap before
{Heap before GC invocations=9558 (full 9547):
 garbage-first heap   total 75776K, used 25576K [0x00000000c0000000, 0x0000000100000000)
  region size 1024K, 1 young (1024K), 0 survivors (0K)
 Metaspace       used 41671K, committed 42240K, reserved 1114112K
  class space    used 5345K, committed 5568K, reserved 1048576K
}

